[debug] [2021-03-18T22:31:40.367Z] ----------------------------------------------------------------------
[debug] [2021-03-18T22:31:40.380Z] Command:       C:\Program Files\nodejs\node.exe C:\Users\57305\AppData\Roaming\npm\node_modules\firebase-tools\lib\bin\firebase.js init
[debug] [2021-03-18T22:31:40.381Z] CLI Version:   9.6.1
[debug] [2021-03-18T22:31:40.381Z] Platform:      win32
[debug] [2021-03-18T22:31:40.381Z] Node Version:  v10.15.3
[debug] [2021-03-18T22:31:40.388Z] Time:          Thu Mar 18 2021 17:31:40 GMT-0500 (GMT-05:00)
[debug] [2021-03-18T22:31:40.388Z] ----------------------------------------------------------------------
[debug] [2021-03-18T22:31:40.389Z] 
[debug] [2021-03-18T22:31:40.447Z] > command requires scopes: ["email","openid","https://www.googleapis.com/auth/cloudplatformprojects.readonly","https://www.googleapis.com/auth/firebase","https://www.googleapis.com/auth/cloud-platform"]
[debug] [2021-03-18T22:31:40.449Z] > authorizing via signed-in user
[info] 
     ######## #### ########  ######## ########     ###     ######  ########
     ##        ##  ##     ## ##       ##     ##  ##   ##  ##       ##
     ######    ##  ########  ######   ########  #########  ######  ######
     ##        ##  ##    ##  ##       ##     ## ##     ##       ## ##
     ##       #### ##     ## ######## ########  ##     ##  ######  ########

You're about to initialize a Firebase project in this directory:

  C:\Users\57305\Documents\PruebasTecnicas\firebase-crud

[info] 
=== Project Setup
[info] 
[info] First, let's associate this project directory with a Firebase project.
[info] You can create multiple project aliases by running firebase use --add, 
[info] but for now we'll just set up a default project.
[info] 
[debug] [2021-03-18T22:33:34.441Z] >>> [apiv2][query] GET https://firebase.googleapis.com/v1beta1/projects pageSize=100
[debug] [2021-03-18T22:33:34.989Z] <<< [apiv2][status] GET https://firebase.googleapis.com/v1beta1/projects 200
[debug] [2021-03-18T22:33:34.990Z] <<< [apiv2][body] GET https://firebase.googleapis.com/v1beta1/projects [omitted]
[info] i  Using project fir-crud-5e10b (firebase-crud) 
[info] 
=== Hosting Setup
[info] 
[info] Your public directory is the folder (relative to your project directory) that
[info] will contain Hosting assets to be uploaded with firebase deploy. If you
[info] have a build process for your assets, use your build's output directory.
[info] 
[debug] [2021-03-18T22:34:12.415Z] ----------------------------------------------------------------------
[debug] [2021-03-18T22:34:12.417Z] Command:       C:\Program Files\nodejs\node.exe C:\Users\57305\AppData\Roaming\npm\node_modules\firebase-tools\lib\bin\firebase.js init
[debug] [2021-03-18T22:34:12.418Z] CLI Version:   9.6.1
[debug] [2021-03-18T22:34:12.418Z] Platform:      win32
[debug] [2021-03-18T22:34:12.418Z] Node Version:  v10.15.3
[debug] [2021-03-18T22:34:12.420Z] Time:          Thu Mar 18 2021 17:34:12 GMT-0500 (GMT-05:00)
[debug] [2021-03-18T22:34:12.420Z] ----------------------------------------------------------------------
[debug] [2021-03-18T22:34:12.420Z] 
[debug] [2021-03-18T22:34:12.429Z] > command requires scopes: ["email","openid","https://www.googleapis.com/auth/cloudplatformprojects.readonly","https://www.googleapis.com/auth/firebase","https://www.googleapis.com/auth/cloud-platform"]
[debug] [2021-03-18T22:34:12.430Z] > authorizing via signed-in user
[info] 
     ######## #### ########  ######## ########     ###     ######  ########
     ##        ##  ##     ## ##       ##     ##  ##   ##  ##       ##
     ######    ##  ########  ######   ########  #########  ######  ######
     ##        ##  ##    ##  ##       ##     ## ##     ##       ## ##
     ##       #### ##     ## ######## ########  ##     ##  ######  ########

You're about to initialize a Firebase project in this directory:

  C:\Users\57305\Documents\PruebasTecnicas\firebase-crud

[info] 
=== Project Setup
[info] 
[info] First, let's associate this project directory with a Firebase project.
[info] You can create multiple project aliases by running firebase use --add, 
[info] but for now we'll just set up a default project.
[info] 
[debug] [2021-03-18T22:34:20.038Z] >>> [apiv2][query] GET https://firebase.googleapis.com/v1beta1/projects pageSize=100
[debug] [2021-03-18T22:34:20.505Z] <<< [apiv2][status] GET https://firebase.googleapis.com/v1beta1/projects 200
[debug] [2021-03-18T22:34:20.506Z] <<< [apiv2][body] GET https://firebase.googleapis.com/v1beta1/projects [omitted]
[info] i  Using project fir-crud-5e10b (firebase-crud) 
[info] 
=== Hosting Setup
[info] 
[info] Your public directory is the folder (relative to your project directory) that
[info] will contain Hosting assets to be uploaded with firebase deploy. If you
[info] have a build process for your assets, use your build's output directory.
[info] 
[debug] [2021-03-18T22:34:35.170Z] >>> [apiv2][query] GET https://www.gstatic.com/firebasejs/releases.json [none]
[debug] [2021-03-18T22:34:35.385Z] <<< [apiv2][status] GET https://www.gstatic.com/firebasejs/releases.json 200
[debug] [2021-03-18T22:34:35.387Z] <<< [apiv2][body] GET https://www.gstatic.com/firebasejs/releases.json {"current":{"version":"8.3.1","browserURL":"https://www.gstatic.com/firebasejs/8.3.1/firebase.js","packageURL":"https://www.gstatic.com/firebasejs/8.3.1/firebase.tgz"},"live":{"version":"8.3","browserURL":"https://www.gstatic.com/firebasejs/live/8.3/firebase.js","packageURL":"https://www.gstatic.com/firebasejs/live/8.3/firebase.tgz"},"components":{"analytics":"https://www.gstatic.com/firebasejs/8.3.1/firebase-analytics.js","app":"https://www.gstatic.com/firebasejs/8.3.1/firebase-app.js","auth":"https://www.gstatic.com/firebasejs/8.3.1/firebase-auth.js","database":"https://www.gstatic.com/firebasejs/8.3.1/firebase-database.js","firestore":"https://www.gstatic.com/firebasejs/8.3.1/firebase-firestore.js","functions":"https://www.gstatic.com/firebasejs/8.3.1/firebase-functions.js","installations":"https://www.gstatic.com/firebasejs/8.3.1/firebase-installations.js","messaging":"https://www.gstatic.com/firebasejs/8.3.1/firebase-messaging.js","storage":"https://www.gstatic.com/firebasejs/8.3.1/firebase-storage.js","performance":"https://www.gstatic.com/firebasejs/8.3.1/firebase-performance.js","remote-config":"https://www.gstatic.com/firebasejs/8.3.1/firebase-remote-config.js","firestore.memory":"https://www.gstatic.com/firebasejs/8.3.1/firebase-firestore.memory.js"}}
[info] i  Skipping write of public/index.html 
[info] 
[info] i  Writing configuration info to firebase.json... 
[info] i  Writing project information to .firebaserc... 
[info] 
[info] +  Firebase initialization complete! 
